02/14/2014 08:00:05:716805 -I- Messages of severity "-M-" and above will now be logged.
02/14/2014 08:00:05:717033 -I- Running Trading System version 7.1.3.24.ft.rh6.m64.lnx . Log file setup complete.
02/14/2014 08:00:05:717102 -I- cpt_server started with command line "/apps/FOOBAR/version/prod/bin/cpt_server epword process124 /apps/FOOBAR/users/process124/its/process124_140214_080003_d465b89761753ebe.pw activator IOR:010000001600000049444c3a4961732f416374697661746f723a312e30000000010000000000000064000000010102000c00000031302e38322e31312e3431001ae100000e000000fe5e12f75200003f27000000000000000200000000000000080000000100000000545441010000001c00000001000000010001000100000001000105090101000100000009010100 Ut/CdcMS1FPi8JKL2lYGrCgpK/c= PACKETSIZE 4096 root /apps/FOOBAR/objroot LP CLIENT_IP 10.86.222.333 SEAT_ID 6bdb699f-2666-4573-a599-f516c29a9e95 SESSION_ID 4a2d978d-805b-42ae-bd1e-5a294231310a USER_AGENT Generic cmlib/7.1.2.19.ft.m64.lnx FOOBAR Software Linux 2.6.32-279.el6.x86_64 amd64 JavaTM SE Runtime Environment 1.7.0_01-b08 END timeout 6000 server process124_140214_080003_d465b89761753ebe "
02/14/2014 08:00:05:723577 -I- [ics] The server is ready to queue requests
02/14/2014 08:00:05:723742 -I- I_USER_PATH   is /apps/FOOBAR/users/process124/its
02/14/2014 08:00:05:723761 -I- I_GROUP_PATH  is /apps/FOOBAR/groups/default
02/14/2014 08:00:05:723768 -I- I_SYSTEM_PATH is /apps/FOOBAR/version/prod/lib/defaults
02/14/2014 08:00:05:723813 -I- [ics] Registering server implementation with ORB
02/14/2014 08:00:05:838671 -I- SQL-Message Handler[5703]: <Changed language setting to 'us_english'.>
02/14/2014 08:00:05:838700 -I- (5444670) New DBLIB connection
02/14/2014 08:00:05:838716 -I- SQL (5444670) = select @@spid
02/14/2014 08:00:05:840068 -I- query returned
02/14/2014 08:00:05:840093 -I- server process ID = 1202
02/14/2014 08:00:05:855792 -I- SQL (5444670) = EXECUTE getPrcPars_sp getUserDbIdRSA_sp,1,0
02/14/2014 08:00:05:862140 -I- query returned
02/14/2014 08:00:05:862187 -I- SQLRPC (5444670) = getUserDbIdRSA_sp @u_name="process124", @u_id(OUTPUT)
02/14/2014 08:00:05:863594 -I- procedure returned
02/14/2014 08:00:05:863621 -I- SQL (5444670) = EXECUTE getPrcPars_sp getUserSetting_sp,1,0
02/14/2014 08:00:05:869516 -I- query returned
02/14/2014 08:00:05:869541 -I- SQLRPC (5444670) = getUserSetting_sp @ui_user_id=85001147, @u_pwd=***************************, @ui_key="GXD_TIMEOUT_SEC", @ui_val(OUTPUT)
02/14/2014 08:00:05:871159 -I- procedure returned
02/14/2014 08:00:05:871210 -I- SQLRPC (5444670) = getUserDbIdRSA_sp @u_name="process124", @u_id(OUTPUT), @useExternValid(OUTPUT)
02/14/2014 08:00:05:872743 -I- procedure returned
02/14/2014 08:00:05:872765 -I- SQL (5444670) = EXECUTE getPrcPars_sp validateLogin_sp,1,0
02/14/2014 08:00:05:875266 -I- query returned
02/14/2014 08:00:05:875288 -I- SQLRPC (5444670) = validateLogin_sp @u_id=85001147, @u_pwd=***************************
02/14/2014 08:00:05:877404 -I- procedure returned
02/14/2014 08:00:05:877425 -I- SQL (5444670) = EXECUTE getPrcPars_sp getUsrStat_sp,1,0
02/14/2014 08:00:05:879696 -I- query returned
02/14/2014 08:00:05:879716 -I- SQLRPC (5444670) = getUsrStat_sp @ui_user_id=85001147, @ui_val(OUTPUT)
02/14/2014 08:00:05:880820 -I- procedure returned
02/14/2014 08:00:05:880843 -I- SQLRPC (5444670) = getUserSetting_sp @ui_user_id=85001147, @u_pwd=***************************, @ui_key="LAST_GXD_CHANGE_DT", @ui_val(OUTPUT)
02/14/2014 08:00:05:884635 -I- procedure returned
02/14/2014 08:00:05:884652 -I- SQL (5444670) = EXECUTE getPrcPars_sp getSpecialLoginSetting_sp,1,0
02/14/2014 08:00:05:897270 -I- query returned
02/14/2014 08:00:05:897289 -I- SQLRPC (5444670) = getSpecialLoginSetting_sp @ui_key="GXD_EXP", @ui_val(OUTPUT)
02/14/2014 08:00:05:898430 -I- procedure returned
02/14/2014 08:00:05:898463 -I- SQLRPC (5444670) = getUserDbIdRSA_sp @u_name="process124", @u_id(OUTPUT)
02/14/2014 08:00:05:899748 -I- procedure returned
02/14/2014 08:00:05:899778 -I- SQLRPC (5444670) = getUserSetting_sp @ui_user_id=85001147, @u_pwd=***************************, @ui_key="FULL_NAME", @ui_val(OUTPUT)
02/14/2014 08:00:05:903312 -I- procedure returned
02/14/2014 08:00:05:903334 -I- SQLRPC (5444670) = getUserSetting_sp @ui_user_id=85001147, @u_pwd=***************************, @ui_key="COMPANY_CODE", @ui_val(OUTPUT)
02/14/2014 08:00:05:906440 -I- procedure returned
02/14/2014 08:00:05:906457 -I- SQLRPC (5444670) = getUserSetting_sp @ui_user_id=85001147, @u_pwd=***************************, @ui_key="SYBASE_LOGIN", @ui_val(OUTPUT)
02/14/2014 08:00:05:911308 -I- procedure returned
02/14/2014 08:00:05:911333 -I- SQLRPC (5444670) = getUserSetting_sp @ui_user_id=85001147, @u_pwd=***************************, @ui_key="SYBASE_GXD", @ui_val(OUTPUT)
02/14/2014 08:00:05:914417 -I- procedure returned
02/14/2014 08:00:05:914474 -I- SQLRPC (5444670) = getUserSetting_sp @ui_user_id=85001147, @u_pwd=***************************, @ui_key="USER_CODE", @ui_val(OUTPUT)
02/14/2014 08:00:05:921653 -I- procedure returned
02/14/2014 08:00:05:921681 -I- SQLRPC (5444670) = getUserSetting_sp @ui_user_id=85001147, @u_pwd=***************************, @ui_key="ACCESS_LEVEL", @ui_val(OUTPUT)
02/14/2014 08:00:05:929142 -I- procedure returned
02/14/2014 08:00:05:929168 -I- SQLRPC (5444670) = getUserSetting_sp @ui_user_id=85001147, @u_pwd=***************************, @ui_key="APP_RUN_AS", @ui_val(OUTPUT)
02/14/2014 08:00:05:930861 -I- procedure returned
02/14/2014 08:00:05:930905 -I- SQL (5444670) = EXECUTE getPrcPars_sp writeUserLog_sp,1,0
02/14/2014 08:00:05:934063 -I- query returned
02/14/2014 08:00:05:934086 -I- SQLRPC (5444670) = writeUserLog_sp @ul_name="process124", @ul_event="CMD LN LOGIN"
02/14/2014 08:00:05:935667 -I- procedure returned
02/14/2014 08:00:05:948344 -I- REFTAB /release/product/its/its.7.1.3.ft/src/dbapp/src/gen_dbx.c_1037: table name not found <xyz_time_zone, >.
02/14/2014 08:00:05:948363 -E- /release/product/its/its.7.1.3.ft/src/dbapp/src/gen_dbx.c_1002:  table id < 0.
02/14/2014 08:00:05:948372 -I- Setting Timezone to GB
02/14/2014 13:00:05:972900 -I- flex checkout FOOBAR_SERVER 1.000 1 license
02/14/2014 13:00:05:977497 -I- SQL-Message Handler[5701]: <Changed database context to 'client'.>
02/14/2014 13:00:05:977523 -I- SQL-Message Handler[5703]: <Changed language setting to 'us_english'.>
02/14/2014 13:00:05:977543 -I- (54d2860) New DBLIB connection
02/14/2014 13:00:05:977555 -I- SQL (54d2860) = select @@spid
02/14/2014 13:00:05:978819 -I- query returned
02/14/2014 13:00:05:978839 -I- server process ID = 1729
02/14/2014 13:00:05:980037 -E- SQL-Message Handler[5701]: <Changed database context to 'client'.>
02/14/2014 13:00:05:980051 -I- SQL (54d2860) = exec initializeDBProc_sp
02/14/2014 13:00:05:981389 -I- query returned
02/14/2014 13:00:06:010876 -I- select so.name as 'table', sc.name as 'column' from sysobjects so, syscolumns sc, xyz_shared_tables st where sc.id=so.id and so.type in('U', 'V') and so.name=st.st_name
select * from xyz_parent_child_tables
removeNonshared: The sqlparser rule xyz_sec_master,sm_id - xyz_swap_floating_leg_vw,sfl_s_id has been deleted.
removeNonshared: The sqlparser rule xyz_swap_floating_leg_vw,sfl_s_id - xyz_sec_master,sm_id has been deleted.

02/14/2014 13:00:06:010890 -I- SQL (54d2860) = exec initializeDBLogin_sp
02/14/2014 13:00:06:012018 -I- query returned
02/14/2014 13:00:06:307940 -I- SQL-Message Handler[5701]: <Changed database context to 'client'.>
02/14/2014 13:00:06:307972 -I- SQL-Message Handler[5703]: <Changed language setting to 'us_english'.>
02/14/2014 13:00:06:308005 -I- (5590e40) New DBLIB connection
02/14/2014 13:00:06:308029 -I- SQL (5590e40) = select @@spid
02/14/2014 13:00:06:309084 -I- query returned
02/14/2014 13:00:06:309114 -I- server process ID = 783
02/14/2014 13:00:06:310224 -E- SQL-Message Handler[5701]: <Changed database context to 'client'.>
02/14/2014 13:00:06:310243 -I- SQL (5590e40) = exec initializeDBProc_sp
02/14/2014 13:00:06:311685 -I- query returned
02/14/2014 13:00:06:319131 -I- SQL-Message Handler[5701]: <Changed database context to 'client'.>
02/14/2014 13:00:06:319153 -I- SQL-Message Handler[5703]: <Changed language setting to 'us_english'.>
02/14/2014 13:00:06:319177 -I- (5591700) New DBLIB connection
02/14/2014 13:00:06:319196 -I- SQL (5591700) = select @@spid
02/14/2014 13:00:06:320322 -I- query returned
02/14/2014 13:00:06:320352 -I- server process ID = 523
02/14/2014 13:00:06:321491 -E- SQL-Message Handler[5701]: <Changed database context to 'client'.>
02/14/2014 13:00:06:321512 -I- SQL (5591700) = exec initializeDBProc_sp
02/14/2014 13:00:06:322887 -I- query returned
02/14/2014 13:00:06:322980 -I- SQL (54d2860) = create table #sm_sched_pool ( smp_sched_id int )
02/14/2014 13:00:06:328805 -I- query returned
02/14/2014 13:00:06:328840 -I- SQL (5590e40) = EXECUTE getPrcPars_sp getLocalUpdDate_sp,1,0
02/14/2014 13:00:06:334395 -I- query returned
02/14/2014 13:00:06:334437 -I- SQLRPC (5591700) = getLocalUpdDate_sp @datetime(OUTPUT)
02/14/2014 13:00:06:418526 -I- procedure returned
02/14/2014 13:00:06:418549 -I- SQL (5591700) = select site_parent, site_status, site_offset from xyz_site
02/14/2014 13:00:06:420038 -I- query returned
02/14/2014 13:00:06:420218 -I- SQL (5591700) = SELECT dc_int FROM xyz_database_config WHERE dc_key = 'Odd/Even client/shared ids'
02/14/2014 13:00:06:421596 -I- query returned
02/14/2014 13:00:06:421671 -I- SQL (5591700) = SELECT dc_int FROM xyz_database_config WHERE dc_key = 'Odd/Even boundary id'
02/14/2014 13:00:06:422932 -I- query returned
02/14/2014 13:00:06:423270 -I- SQL (5590e40) = select * from xyz_bs_codes order by bs_code asc
02/14/2014 13:00:06:434068 -I- query returned
02/14/2014 13:00:06:438516 -I- File "issuer_tags.xml" doesn't exist.
02/14/2014 13:00:06:439561 -I- SQL (5591700) = SELECT 'rv' = COUNT(*) FROM xyz_table_comment WHERE tc_table = 'xyz_p_control' AND tc_column like 'port_mask_config'
02/14/2014 13:00:06:441536 -I- query returned
02/14/2014 13:00:06:441983 -I- SQL (5590e40) = select stat_code from xyz_audit_status
02/14/2014 13:00:06:443379 -I- query returned
02/14/2014 13:00:06:449770 -I- Initializing xyz_h_user_data xyz_h_user_data
02/14/2014 13:00:06:449881 -I- SQL (5591700) = SELECT sysobjects.name, syscolumns.name, systypes.type, syscolumns.length, syscolumns.status FROM   sysobjects, syscolumns, systypes WHERE  sysobjects.id = syscolumns.id   AND  sysobjects.type in ('U', 'V')   AND  syscolumns.usertype = systypes.usertype ORDER BY sysobjects.name
02/14/2014 13:00:06:566451 -I- query returned
02/14/2014 13:00:06:578745 -I- Initializing xyz_s_user_data xyz_s_user_data
02/14/2014 13:00:06:578986 -I- Initializing xyz_broker_user_data xyz_broker_user_data
02/14/2014 13:00:06:579021 -I- Initializing xyz_adjustment_user_data xyz_adjustment_user_data
02/14/2014 13:00:06:581153 -I- SQL (5590e40) = select getdate()
02/14/2014 13:00:06:582383 -I- query returned
02/14/2014 13:00:06:582496 -I- SQL (5591700) = select tab_name, tab_key_col, tab_id from xyz_table_info
02/14/2014 13:00:06:584336 -I- query returned
02/14/2014 13:00:06:585970 -I- Processed 400 results
02/14/2014 13:00:06:586081 -I- SQL (5591700) = select * from xyz_regulatory_agency 
02/14/2014 13:00:06:587544 -I- query returned
02/14/2014 13:00:06:587611 -I- SQL (5590e40) = select * from xyz_customer order by cust_name
02/14/2014 13:00:06:705649 -I- query returned
02/14/2014 13:00:06:724045 -I- [ics] PID: 2479
02/14/2014 13:00:06:724063 -I- [ics] IOR:010000001d00000049444c3a5365727665722f436f6d707574655365727665723a312e3000000000010000000000000064000000010102000d00000031302e39302e31372e3230340000f3a30e000000fe5513fe52000009af000000000000000200000000000000080000000100000000545441010000001c00000001000000010001000100000001000105090101000100000009010100
02/14/2014 13:00:06:732443 -I- [ics] Published IOR in /apps/FOOBAR/objroot/iorroot/hosts/imag666lx2/process124_140214_080003_d465b89761753ebe.ior
02/14/2014 13:00:06:745270 -I- [ics] Returning App Service
02/14/2014 13:00:06:763825 -I- [ics] Polling connection from process124 attempted
02/14/2014 13:00:06:868330 -I- Processed 12326 results
02/14/2014 13:00:06:870483 -I- SQL (5591700) = select * from xyz_time_zone 
union all
select * from s1..xyz_time_zone order by zone_desc
02/14/2014 13:00:06:987650 -I- query returned
02/14/2014 13:00:06:988095 -I- Processed 139 results
02/14/2014 13:00:06:990058 -I- SQL (5590e40) = select * from xyz_holiday_detail 
union all
select * from s1..xyz_holiday_detail order by hol_mnemonic
02/14/2014 13:00:07:205638 -I- query returned
02/14/2014 13:00:07:207900 -I- Processed 208 results
02/14/2014 13:00:07:208285 -I- SQL (5591700) = select * from xyz_exchange order by exch_market_name
02/14/2014 13:00:07:355909 -I- query returned
02/14/2014 13:00:07:356030 -I- SQL (5590e40) = SELECT * FROM xyz_fallback_strat WHERE fbs_type = 0 AND fbs_user_code = "KDB6"
02/14/2014 13:00:07:357833 -I- query returned
02/14/2014 13:00:07:357901 -I- SQL (5590e40) = SELECT * FROM xyz_fallback_strat WHERE fbs_type = 0 AND fbs_sec_code != ""
02/14/2014 13:00:07:359403 -I- query returned
02/14/2014 13:00:07:359485 -I- SQL (5590e40) = SELECT * FROM xyz_fallback_strat WHERE fbs_type = 1 AND fbs_user_code = "KDB6"
02/14/2014 13:00:07:360966 -I- query returned
02/14/2014 13:00:07:361043 -I- SQL (5590e40) = SELECT * FROM xyz_fallback_strat WHERE fbs_type = 1 AND fbs_sec_code != ""
02/14/2014 13:00:07:362654 -I- query returned
02/14/2014 13:00:07:362703 -I- Processed 2 results
02/14/2014 13:00:07:375054 -I- Processed 274 results
02/14/2014 13:00:07:375916 -I- SQL (5590e40) = select * from xyz_holiday_list where hol_detail_id = 7 
union all
select * from s1..xyz_holiday_list where hol_detail_id = 7 order by hol_date
02/14/2014 13:00:07:381770 -I- query returned
02/14/2014 13:00:07:383758 -I- Processed 509 results
02/14/2014 13:00:07:383936 -I- exchange <ADF> closed; will fall back to previous mark
02/14/2014 13:00:07:384146 -I- SQL (5591700) = select * from xyz_holiday_list where hol_detail_id = 37 
union all
select * from s1..xyz_holiday_list where hol_detail_id = 37 order by hol_date
02/14/2014 13:00:07:393872 -I- query returned
02/14/2014 13:00:07:395075 -I- Processed 211 results
02/14/2014 13:00:07:395248 -I- exchange <ALV> closed; will fall back to previous mark
02/14/2014 13:00:07:395381 -I- SQL (5590e40) = select * from xyz_holiday_list where hol_detail_id = 79 
union all
select * from s1..xyz_holiday_list where hol_detail_id = 79 order by hol_date
02/14/2014 13:00:07:400978 -I- query returned
02/14/2014 13:00:07:402246 -I- Processed 211 results
02/14/2014 13:00:07:402262 -I- exchange <AOE> closed; will fall back to previous mark
02/14/2014 13:00:07:402573 -I- SQL (5591700) = select * from xyz_holiday_list where hol_detail_id = 1 
union all
select * from s1..xyz_holiday_list where hol_detail_id = 1 order by hol_date
02/14/2014 13:00:22:623911 -I- Gathering Ledger <Default>
02/14/2014 13:00:22:642706 -I- Gathering Portfolio View <PRC_DOWNLOAD_PROD_LOCAL>
02/14/2014 13:00:22:642706 -I- Gathering Portfolio View <PRC_DOWNLOAD,123>
02/15/2014 00:10:05:558475 -I- flex checkin A_BND 1.000 1 license
02/15/2014 00:10:05:558729 -I- flex checkin B_MMKT 1.000 1 license
02/15/2014 00:10:05:559002 -I- flex checkin B_BND 1.000 1 license
02/15/2014 00:10:05:559250 -I- flex checkin B_FX 1.000 1 license
02/15/2014 00:10:05:559496 -I- flex checkin X_FX 1.000 1 license
02/15/2014 00:10:05:559744 -I- flex checkin GEN_DERIV 1.000 1 license
02/15/2014 00:10:05:560084 -I- flex checkin REPO 1.000 1 license
02/15/2014 00:10:05:560354 -E- flex checkin CS_APP_SERVICE 1.000 1 license
02/15/2014 00:10:05:717742 -I- SQL-Message Handler[5701]: <Changed database context to 'imagpw'.>
02/15/2014 00:10:05:717771 -I- SQL-Message Handler[5703]: <Changed language setting to 'us_english'.>
02/15/2014 00:10:05:717795 -I- (5444670) New DBLIB connection
02/15/2014 00:10:05:717834 -I- SQL (5444670) = select @@spid
02/15/2014 00:10:05:753487 -I- query returned
02/15/2014 00:10:05:753537 -I- server process ID = 2247
02/15/2014 00:10:05:754729 -I- SQL-Message Handler[5701]: <Changed database context to 'imagpw'.>
02/15/2014 00:10:05:754769 -I- SQLRPC (5444670) = writeUserLog_sp @ul_name="process124", @ul_event="SERVER LOGOFF"
02/15/2014 00:10:05:950036 -I- procedure returned
02/15/2014 00:10:05:950964 -I- Closing Down Pricing Service
02/15/2014 00:10:05:952073 -I- [ics] [+] ItsCSServerCoordinator::terminate()
02/15/2014 00:10:06:958053 -I- [ics] [-] ItsCSServerCoordinator::terminate()
